\BOOKMARK [0][]{Contents.0}{\376\377\000T\000a\000b\000l\000e\000\040\000o\000f\000\040\000c\000o\000n\000t\000e\000n\000t\000s}{}% 1
\BOOKMARK [0][]{chapter*.4}{\376\377\000L\000i\000s\000t\000\040\000o\000f\000\040\000f\000i\000g\000u\000r\000e\000s}{}% 2
\BOOKMARK [0][]{chapter*.5}{\376\377\000L\000i\000s\000t\000\040\000o\000f\000\040\000t\000a\000b\000l\000e\000s}{}% 3
\BOOKMARK [0][]{chapter.1}{\376\377\0001\000\040\000I\000n\000t\000r\000o\000d\000u\000c\000t\000i\000o\000n}{}% 4
\BOOKMARK [1][]{section.1.1}{\376\377\0001\000.\0001\000\040\000S\000t\000a\000t\000i\000s\000t\000i\000c\000a\000l\000\040\000R\000e\000l\000a\000t\000i\000o\000n\000a\000l\000\040\000L\000e\000a\000r\000n\000i\000n\000g}{chapter.1}% 5
\BOOKMARK [2][]{subsection.1.1.1}{\376\377\0001\000.\0001\000.\0001\000\040\000A\000r\000t\000i\000f\000i\000c\000i\000a\000l\000\040\000G\000e\000n\000e\000r\000a\000l\000\040\000I\000n\000t\000e\000l\000l\000i\000g\000e\000n\000c\000e}{section.1.1}% 6
\BOOKMARK [2][]{subsection.1.1.2}{\376\377\0001\000.\0001\000.\0002\000\040\000G\000e\000n\000e\000r\000a\000l\000\040\000Q\000u\000e\000s\000t\000i\000o\000n\000\040\000A\000n\000s\000w\000e\000r\000i\000n\000g}{section.1.1}% 7
\BOOKMARK [2][]{subsection.1.1.3}{\376\377\0001\000.\0001\000.\0003\000\040\000A\000p\000p\000l\000i\000c\000a\000t\000i\000o\000n\000s\000\040\000o\000f\000\040\000G\000e\000n\000e\000r\000a\000l\000\040\000Q\000u\000e\000s\000t\000i\000o\000n\000\040\000A\000n\000s\000w\000e\000r\000i\000n\000g}{section.1.1}% 8
\BOOKMARK [2][]{subsection.1.1.4}{\376\377\0001\000.\0001\000.\0004\000\040\000G\000e\000n\000e\000r\000a\000l\000\040\000Q\000u\000e\000s\000t\000i\000o\000n\000\040\000A\000n\000s\000w\000e\000r\000i\000n\000g\000\040\000A\000p\000p\000r\000o\000a\000c\000h\000e\000s}{section.1.1}% 9
\BOOKMARK [2][]{subsection.1.1.5}{\376\377\0001\000.\0001\000.\0005\000\040\000U\000n\000c\000e\000r\000t\000a\000i\000n\000t\000y\000\040\000i\000n\000\040\000K\000n\000o\000w\000l\000e\000d\000g\000e\000\040\000R\000e\000p\000r\000e\000s\000e\000n\000t\000a\000t\000i\000o\000n\000s}{section.1.1}% 10
\BOOKMARK [1][]{section.1.2}{\376\377\0001\000.\0002\000\040\000M\000o\000d\000e\000l\000l\000i\000n\000g\000\040\000T\000e\000c\000h\000n\000i\000q\000u\000e\000s}{chapter.1}% 11
\BOOKMARK [2][]{subsection.1.2.1}{\376\377\0001\000.\0002\000.\0001\000\040\000L\000a\000t\000e\000n\000t\000\040\000F\000e\000a\000t\000u\000r\000e\000\040\000M\000o\000d\000e\000l\000l\000i\000n\000g}{section.1.2}% 12
\BOOKMARK [2][]{subsection.1.2.2}{\376\377\0001\000.\0002\000.\0002\000\040\000G\000r\000a\000p\000h\000\040\000F\000e\000a\000t\000u\000r\000e\000\040\000M\000o\000d\000e\000l\000l\000i\000n\000g}{section.1.2}% 13
\BOOKMARK [2][]{subsection.1.2.3}{\376\377\0001\000.\0002\000.\0003\000\040\000I\000n\000d\000u\000c\000t\000i\000v\000e\000\040\000P\000r\000o\000b\000a\000b\000i\000l\000i\000s\000t\000i\000c\000\040\000L\000o\000g\000i\000c\000\040\000P\000r\000o\000g\000r\000a\000m\000m\000i\000n\000g}{section.1.2}% 14
\BOOKMARK [1][]{section.1.3}{\376\377\0001\000.\0003\000\040\000L\000i\000n\000k\000\040\000P\000r\000e\000d\000i\000c\000t\000i\000o\000n\000\040\000w\000i\000t\000h\000\040\000L\000a\000t\000e\000n\000t\000\040\000F\000e\000a\000t\000u\000r\000e\000\040\000M\000o\000d\000e\000l\000s}{chapter.1}% 15
\BOOKMARK [2][]{subsection.1.3.1}{\376\377\0001\000.\0003\000.\0001\000\040\000K\000n\000o\000w\000l\000e\000d\000g\000e\000\040\000G\000r\000a\000p\000h\000\040\000L\000a\000t\000e\000n\000t\000\040\000F\000e\000a\000t\000u\000r\000e\000\040\000M\000o\000d\000e\000l\000s}{section.1.3}% 16
\BOOKMARK [2][]{subsection.1.3.2}{\376\377\0001\000.\0003\000.\0002\000\040\000F\000a\000c\000t\000o\000r\000i\000s\000a\000t\000i\000o\000n\000\040\000o\000f\000\040\000L\000a\000t\000e\000n\000t\000\040\000F\000e\000a\000t\000u\000r\000e\000\040\000M\000o\000d\000e\000l\000s}{section.1.3}% 17
\BOOKMARK [2][]{subsection.1.3.3}{\376\377\0001\000.\0003\000.\0003\000\040\000O\000t\000h\000e\000r\000\040\000o\000f\000\040\000L\000a\000t\000e\000n\000t\000\040\000F\000e\000a\000t\000u\000r\000e\000\040\000M\000o\000d\000e\000l\000l\000i\000n\000g\000\040\000A\000p\000p\000r\000o\000a\000c\000h\000e\000s}{section.1.3}% 18
\BOOKMARK [0][]{chapter.2}{\376\377\0002\000\040\000L\000i\000t\000e\000r\000a\000t\000u\000r\000e\000\040\000R\000e\000v\000i\000e\000w}{}% 19
\BOOKMARK [1][]{section.2.1}{\376\377\0002\000.\0001\000\040\000K\000n\000o\000w\000l\000e\000d\000g\000e\000\040\000G\000r\000a\000p\000h\000s}{chapter.2}% 20
\BOOKMARK [1][]{section.2.2}{\376\377\0002\000.\0002\000\040\000S\000h\000o\000r\000t\000\040\000t\000i\000t\000l\000e}{chapter.2}% 21
\BOOKMARK [1][]{section.2.3}{\376\377\0002\000.\0003\000\040\000T\000e\000n\000s\000o\000r\000\040\000F\000a\000c\000t\000o\000r\000i\000s\000a\000t\000i\000o\000n}{chapter.2}% 22
\BOOKMARK [1][]{section.2.4}{\376\377\0002\000.\0004\000\040\000N\000o\000n\000l\000i\000n\000e\000a\000r\000\040\000F\000a\000c\000t\000o\000r\000i\000s\000a\000t\000i\000o\000n}{chapter.2}% 23
\BOOKMARK [0][]{chapter.3}{\376\377\0003\000\040\000M\000y\000\040\000t\000h\000i\000r\000d\000\040\000c\000h\000a\000p\000t\000e\000r}{}% 24
\BOOKMARK [1][]{section.3.1}{\376\377\0003\000.\0001\000\040\000F\000i\000r\000s\000t\000\040\000s\000e\000c\000t\000i\000o\000n\000\040\000o\000f\000\040\000t\000h\000e\000\040\000t\000h\000i\000r\000d\000\040\000c\000h\000a\000p\000t\000e\000r}{chapter.3}% 25
\BOOKMARK [2][]{subsection.3.1.1}{\376\377\0003\000.\0001\000.\0001\000\040\000F\000i\000r\000s\000t\000\040\000s\000u\000b\000s\000e\000c\000t\000i\000o\000n\000\040\000i\000n\000\040\000t\000h\000e\000\040\000f\000i\000r\000s\000t\000\040\000s\000e\000c\000t\000i\000o\000n}{section.3.1}% 26
\BOOKMARK [2][]{subsection.3.1.2}{\376\377\0003\000.\0001\000.\0002\000\040\000S\000e\000c\000o\000n\000d\000\040\000s\000u\000b\000s\000e\000c\000t\000i\000o\000n\000\040\000i\000n\000\040\000t\000h\000e\000\040\000f\000i\000r\000s\000t\000\040\000s\000e\000c\000t\000i\000o\000n}{section.3.1}% 27
\BOOKMARK [2][]{subsection.3.1.3}{\376\377\0003\000.\0001\000.\0003\000\040\000T\000h\000i\000r\000d\000\040\000s\000u\000b\000s\000e\000c\000t\000i\000o\000n\000\040\000i\000n\000\040\000t\000h\000e\000\040\000f\000i\000r\000s\000t\000\040\000s\000e\000c\000t\000i\000o\000n}{section.3.1}% 28
\BOOKMARK [1][]{section.3.2}{\376\377\0003\000.\0002\000\040\000S\000e\000c\000o\000n\000d\000\040\000s\000e\000c\000t\000i\000o\000n\000\040\000o\000f\000\040\000t\000h\000e\000\040\000t\000h\000i\000r\000d\000\040\000c\000h\000a\000p\000t\000e\000r}{chapter.3}% 29
\BOOKMARK [1][]{section.3.3}{\376\377\0003\000.\0003\000\040\000T\000h\000e\000\040\000l\000a\000y\000o\000u\000t\000\040\000o\000f\000\040\000f\000o\000r\000m\000a\000l\000\040\000t\000a\000b\000l\000e\000s}{chapter.3}% 30
\BOOKMARK [0][]{Appendix.a.A}{\376\377\000A\000p\000p\000e\000n\000d\000i\000x\000\040\000A\000\040\000H\000o\000w\000\040\000t\000o\000\040\000i\000n\000s\000t\000a\000l\000l\000\040\000L\000a\000T\000e\000X}{}% 31
\BOOKMARK [0][]{Appendix.a.B}{\376\377\000A\000p\000p\000e\000n\000d\000i\000x\000\040\000B\000\040\000I\000n\000s\000t\000a\000l\000l\000i\000n\000g\000\040\000t\000h\000e\000\040\000C\000U\000E\000D\000\040\000c\000l\000a\000s\000s\000\040\000f\000i\000l\000e}{}% 32
